Arguments: 
  /home/madara/.nvm/versions/node/v14.17.1/bin/node /home/madara/.nvm/versions/node/v14.17.1/bin/yarn

PATH: 
  /home/madara/.nvm/versions/node/v14.17.1/bin:/home/madara/bin:/usr/local/bin:/home/madara/bin:/usr/local/sbin:/usr/local/bin:/usr/sbin:/usr/bin:/sbin:/bin:/usr/games:/usr/local/games:/snap/bin:/home/madara/.dotnet/tools

Yarn version: 
  1.22.10

Node version: 
  14.17.1

Platform: 
  linux x64

Trace: 
  Error: getaddrinfo ENOTFOUND art-bobcat.autodesk.com
      at GetAddrInfoReqWrap.onlookup [as oncomplete] (dns.js:69:26)

npm manifest: 
  {
    "name": "file-navigator",
    "displayName": "file-navigator",
    "description": "Creates a shortcut to quickly navigate the current folder and project folder tree",
    "version": "1.0.2",
    "repository": "https://github.com/MadaraUchiha/vscode-file-navigator",
    "engines": {
      "vscode": "^1.54.0"
    },
    "publisher": "MadaraUchiha",
    "categories": [
      "Other"
    ],
    "activationEvents": [
      "onCommand:file-navigator.start"
    ],
    "main": "./out/extension.js",
    "contributes": {
      "commands": [
        {
          "command": "file-navigator.start",
          "title": "File Navigator"
        }
      ],
      "keybindings": [
        {
          "command": "file-navigator.start",
          "key": "CTRL+L",
          "mac": "CMD+L"
        }
      ]
    },
    "scripts": {
      "vscode:prepublish": "yarn run compile",
      "compile": "tsc -p ./",
      "watch": "tsc -watch -p ./",
      "pretest": "yarn run compile && yarn run lint",
      "lint": "eslint src --ext ts",
      "test": "node ./out/test/runTest.js"
    },
    "devDependencies": {
      "@types/vscode": "^1.54.0",
      "@types/glob": "^7.1.3",
      "@types/mocha": "^8.0.4",
      "@types/node": "^12.11.7",
      "eslint": "^7.19.0",
      "@typescript-eslint/eslint-plugin": "^4.14.1",
      "@typescript-eslint/parser": "^4.14.1",
      "glob": "^7.1.6",
      "mocha": "^8.2.1",
      "typescript": "^4.1.3",
      "vscode-test": "^1.5.0"
    }
  }

yarn manifest: 
  No manifest

Lockfile: 
  No lockfile
